app/build/intermediates/manifest_merge_blame_file/debug/manifest-merger-blame-debug-report.txt
1<?xml version="1.0" encoding="utf-8"?>
2<manifest xmlns:android="http://schemas.android.com/apk/res/android"
3    package="com.example.contact_tracer_appv2"
4    android:versionCode="1"
5    android:versionName="1.0" >
6
7    <uses-sdk
8        android:minSdkVersion="22"
8-->src/main/AndroidManifest.xml
9        android:targetSdkVersion="29" />
9-->src/main/AndroidManifest.xml
10
11    <uses-permission android:name="android.permission.INTERNET" />
11-->src/main/AndroidManifest.xml:4:5-66
11-->src/main/AndroidManifest.xml:4:22-64
12    <uses-permission android:name="android.permission.ACCESS_WIFI_STATE" />
12-->[com.amitshekhar.android:debug-db-base:1.0.6] AndroidManifest.xml:30:5-76
12-->[com.amitshekhar.android:debug-db-base:1.0.6] AndroidManifest.xml:30:22-73
13    <uses-permission android:name="android.permission.ACCESS_NETWORK_STATE" />
13-->[com.google.android.gms:play-services-nearby:9.0.0] AndroidManifest.xml:19:5-79
13-->[com.google.android.gms:play-services-nearby:9.0.0] AndroidManifest.xml:19:22-76
14    <uses-permission android:name="android.permission.WAKE_LOCK" />
14-->[androidx.work:work-runtime:2.3.3] AndroidManifest.xml:25:5-68
14-->[androidx.work:work-runtime:2.3.3] AndroidManifest.xml:25:22-65
15    <uses-permission android:name="android.permission.RECEIVE_BOOT_COMPLETED" />
15-->[androidx.work:work-runtime:2.3.3] AndroidManifest.xml:27:5-81
15-->[androidx.work:work-runtime:2.3.3] AndroidManifest.xml:27:22-78
16    <uses-permission android:name="android.permission.FOREGROUND_SERVICE" />
16-->[androidx.work:work-runtime:2.3.3] AndroidManifest.xml:28:5-77
16-->[androidx.work:work-runtime:2.3.3] AndroidManifest.xml:28:22-74
17
18    <application
18-->src/main/AndroidManifest.xml:5:5-28:19
19        android:allowBackup="true"
19-->src/main/AndroidManifest.xml:6:9-35
20        android:appComponentFactory="androidx.core.app.CoreComponentFactory"
20-->[androidx.core:core:1.1.0] AndroidManifest.xml:24:18-86
21        android:debuggable="true"
22        android:icon="@mipmap/ic_launcher"
22-->src/main/AndroidManifest.xml:7:9-43
23        android:label="@string/app_name"
23-->src/main/AndroidManifest.xml:8:9-41
24        android:networkSecurityConfig="@xml/network_security_config"
24-->src/main/AndroidManifest.xml:12:9-69
25        android:roundIcon="@mipmap/ic_launcher_round"
25-->src/main/AndroidManifest.xml:9:9-54
26        android:supportsRtl="true"
26-->src/main/AndroidManifest.xml:10:9-35
27        android:theme="@style/AppTheme"
27-->src/main/AndroidManifest.xml:11:9-40
28        android:usesCleartextTraffic="true" >
28-->src/main/AndroidManifest.xml:13:9-44
29        <activity android:name="com.example.contact_tracer_appv2.Device.covidpositive" >
29-->src/main/AndroidManifest.xml:14:9-15:20
29-->src/main/AndroidManifest.xml:14:19-55
30        </activity>
31
32        <meta-data
32-->src/main/AndroidManifest.xml:17:9-19:71
33            android:name="com.google.android.nearby.messages.API_KEY"
33-->src/main/AndroidManifest.xml:18:13-70
34            android:value="AIzaSyC3DeKUQjiEG5IiZWxnOn1gda9AFWHgNVc" />
34-->src/main/AndroidManifest.xml:19:13-68
35
36        <activity android:name="com.example.contact_tracer_appv2.MainActivity" >
36-->src/main/AndroidManifest.xml:21:9-27:20
36-->src/main/AndroidManifest.xml:21:19-47
37            <intent-filter>
37-->src/main/AndroidManifest.xml:22:13-26:29
38                <action android:name="android.intent.action.MAIN" />
38-->src/main/AndroidManifest.xml:23:17-69
38-->src/main/AndroidManifest.xml:23:25-66
39
40                <category android:name="android.intent.category.LAUNCHER" />
40-->src/main/AndroidManifest.xml:25:17-77
40-->src/main/AndroidManifest.xml:25:27-74
41            </intent-filter>
42        </activity>
43
44        <provider
44-->[com.amitshekhar.android:debug-db:1.0.6] AndroidManifest.xml:12:9-16:40
45            android:name="com.amitshekhar.debug.DebugDBInitProvider"
45-->[com.amitshekhar.android:debug-db:1.0.6] AndroidManifest.xml:13:13-69
46            android:authorities="com.example.contact_tracer_appv2.DebugDBInitProvider"
46-->[com.amitshekhar.android:debug-db:1.0.6] AndroidManifest.xml:14:13-71
47            android:enabled="true"
47-->[com.amitshekhar.android:debug-db:1.0.6] AndroidManifest.xml:15:13-35
48            android:exported="false" />
48-->[com.amitshekhar.android:debug-db:1.0.6] AndroidManifest.xml:16:13-37
49        <provider
49-->[androidx.work:work-runtime:2.3.3] AndroidManifest.xml:31:9-37:35
50            android:name="androidx.work.impl.WorkManagerInitializer"
50-->[androidx.work:work-runtime:2.3.3] AndroidManifest.xml:32:13-69
51            android:authorities="com.example.contact_tracer_appv2.workmanager-init"
51-->[androidx.work:work-runtime:2.3.3] AndroidManifest.xml:33:13-68
52            android:directBootAware="false"
52-->[androidx.work:work-runtime:2.3.3] AndroidManifest.xml:34:13-44
53            android:exported="false"
53-->[androidx.work:work-runtime:2.3.3] AndroidManifest.xml:35:13-37
54            android:multiprocess="true" />
54-->[androidx.work:work-runtime:2.3.3] AndroidManifest.xml:36:13-40
55
56        <service
56-->[androidx.work:work-runtime:2.3.3] AndroidManifest.xml:39:9-44:35
57            android:name="androidx.work.impl.background.systemalarm.SystemAlarmService"
57-->[androidx.work:work-runtime:2.3.3] AndroidManifest.xml:40:13-88
58            android:directBootAware="false"
58-->[androidx.work:work-runtime:2.3.3] AndroidManifest.xml:41:13-44
59            android:enabled="@bool/enable_system_alarm_service_default"
59-->[androidx.work:work-runtime:2.3.3] AndroidManifest.xml:42:13-72
60            android:exported="false" />
60-->[androidx.work:work-runtime:2.3.3] AndroidManifest.xml:43:13-37
61        <service
61-->[androidx.work:work-runtime:2.3.3] AndroidManifest.xml:45:9-51:35
62            android:name="androidx.work.impl.background.systemjob.SystemJobService"
62-->[androidx.work:work-runtime:2.3.3] AndroidManifest.xml:46:13-84
63            android:directBootAware="false"
63-->[androidx.work:work-runtime:2.3.3] AndroidManifest.xml:47:13-44
64            android:enabled="@bool/enable_system_job_service_default"
64-->[androidx.work:work-runtime:2.3.3] AndroidManifest.xml:48:13-70
65            android:exported="true"
65-->[androidx.work:work-runtime:2.3.3] AndroidManifest.xml:49:13-36
66            android:permission="android.permission.BIND_JOB_SERVICE" />
66-->[androidx.work:work-runtime:2.3.3] AndroidManifest.xml:50:13-69
67        <service
67-->[androidx.work:work-runtime:2.3.3] AndroidManifest.xml:52:9-57:35
68            android:name="androidx.work.impl.foreground.SystemForegroundService"
68-->[androidx.work:work-runtime:2.3.3] AndroidManifest.xml:53:13-81
69            android:directBootAware="false"
69-->[androidx.work:work-runtime:2.3.3] AndroidManifest.xml:54:13-44
70            android:enabled="@bool/enable_system_foreground_service_default"
70-->[androidx.work:work-runtime:2.3.3] AndroidManifest.xml:55:13-77
71            android:exported="false" />
71-->[androidx.work:work-runtime:2.3.3] AndroidManifest.xml:56:13-37
72
73        <receiver
73-->[androidx.work:work-runtime:2.3.3] AndroidManifest.xml:59:9-64:35
74            android:name="androidx.work.impl.utils.ForceStopRunnable$BroadcastReceiver"
74-->[androidx.work:work-runtime:2.3.3] AndroidManifest.xml:60:13-88
75            android:directBootAware="false"
75-->[androidx.work:work-runtime:2.3.3] AndroidManifest.xml:61:13-44
76            android:enabled="true"
76-->[androidx.work:work-runtime:2.3.3] AndroidManifest.xml:62:13-35
77            android:exported="false" />
77-->[androidx.work:work-runtime:2.3.3] AndroidManifest.xml:63:13-37
78        <receiver
78-->[androidx.work:work-runtime:2.3.3] AndroidManifest.xml:65:9-75:20
79            android:name="androidx.work.impl.background.systemalarm.ConstraintProxy$BatteryChargingProxy"
79-->[androidx.work:work-runtime:2.3.3] AndroidManifest.xml:66:13-106
80            android:directBootAware="false"
80-->[androidx.work:work-runtime:2.3.3] AndroidManifest.xml:67:13-44
81            android:enabled="false"
81-->[androidx.work:work-runtime:2.3.3] AndroidManifest.xml:68:13-36
82            android:exported="false" >
82-->[androidx.work:work-runtime:2.3.3] AndroidManifest.xml:69:13-37
83            <intent-filter>
83-->[androidx.work:work-runtime:2.3.3] AndroidManifest.xml:71:13-74:29
84                <action android:name="android.intent.action.ACTION_POWER_CONNECTED" />
84-->[androidx.work:work-runtime:2.3.3] AndroidManifest.xml:72:17-87
84-->[androidx.work:work-runtime:2.3.3] AndroidManifest.xml:72:25-84
85                <action android:name="android.intent.action.ACTION_POWER_DISCONNECTED" />
85-->[androidx.work:work-runtime:2.3.3] AndroidManifest.xml:73:17-90
85-->[androidx.work:work-runtime:2.3.3] AndroidManifest.xml:73:25-87
86            </intent-filter>
87        </receiver>
88        <receiver
88-->[androidx.work:work-runtime:2.3.3] AndroidManifest.xml:76:9-86:20
89            android:name="androidx.work.impl.background.systemalarm.ConstraintProxy$BatteryNotLowProxy"
89-->[androidx.work:work-runtime:2.3.3] AndroidManifest.xml:77:13-104
90            android:directBootAware="false"
90-->[androidx.work:work-runtime:2.3.3] AndroidManifest.xml:78:13-44
91            android:enabled="false"
91-->[androidx.work:work-runtime:2.3.3] AndroidManifest.xml:79:13-36
92            android:exported="false" >
92-->[androidx.work:work-runtime:2.3.3] AndroidManifest.xml:80:13-37
93            <intent-filter>
93-->[androidx.work:work-runtime:2.3.3] AndroidManifest.xml:82:13-85:29
94                <action android:name="android.intent.action.BATTERY_OKAY" />
94-->[androidx.work:work-runtime:2.3.3] AndroidManifest.xml:83:17-77
94-->[androidx.work:work-runtime:2.3.3] AndroidManifest.xml:83:25-74
95                <action android:name="android.intent.action.BATTERY_LOW" />
95-->[androidx.work:work-runtime:2.3.3] AndroidManifest.xml:84:17-76
95-->[androidx.work:work-runtime:2.3.3] AndroidManifest.xml:84:25-73
96            </intent-filter>
97        </receiver>
98        <receiver
98-->[androidx.work:work-runtime:2.3.3] AndroidManifest.xml:87:9-97:20
99            android:name="androidx.work.impl.background.systemalarm.ConstraintProxy$StorageNotLowProxy"
99-->[androidx.work:work-runtime:2.3.3] AndroidManifest.xml:88:13-104
100            android:directBootAware="false"
100-->[androidx.work:work-runtime:2.3.3] AndroidManifest.xml:89:13-44
101            android:enabled="false"
101-->[androidx.work:work-runtime:2.3.3] AndroidManifest.xml:90:13-36
102            android:exported="false" >
102-->[androidx.work:work-runtime:2.3.3] AndroidManifest.xml:91:13-37
103            <intent-filter>
103-->[androidx.work:work-runtime:2.3.3] AndroidManifest.xml:93:13-96:29
104                <action android:name="android.intent.action.DEVICE_STORAGE_LOW" />
104-->[androidx.work:work-runtime:2.3.3] AndroidManifest.xml:94:17-83
104-->[androidx.work:work-runtime:2.3.3] AndroidManifest.xml:94:25-80
105                <action android:name="android.intent.action.DEVICE_STORAGE_OK" />
105-->[androidx.work:work-runtime:2.3.3] AndroidManifest.xml:95:17-82
105-->[androidx.work:work-runtime:2.3.3] AndroidManifest.xml:95:25-79
106            </intent-filter>
107        </receiver>
108        <receiver
108-->[androidx.work:work-runtime:2.3.3] AndroidManifest.xml:98:9-107:20
109            android:name="androidx.work.impl.background.systemalarm.ConstraintProxy$NetworkStateProxy"
109-->[androidx.work:work-runtime:2.3.3] AndroidManifest.xml:99:13-103
110            android:directBootAware="false"
110-->[androidx.work:work-runtime:2.3.3] AndroidManifest.xml:100:13-44
111            android:enabled="false"
111-->[androidx.work:work-runtime:2.3.3] AndroidManifest.xml:101:13-36
112            android:exported="false" >
112-->[androidx.work:work-runtime:2.3.3] AndroidManifest.xml:102:13-37
113            <intent-filter>
113-->[androidx.work:work-runtime:2.3.3] AndroidManifest.xml:104:13-106:29
114                <action android:name="android.net.conn.CONNECTIVITY_CHANGE" />
114-->[androidx.work:work-runtime:2.3.3] AndroidManifest.xml:105:17-79
114-->[androidx.work:work-runtime:2.3.3] AndroidManifest.xml:105:25-76
115            </intent-filter>
116        </receiver>
117        <receiver
117-->[androidx.work:work-runtime:2.3.3] AndroidManifest.xml:108:9-119:20
118            android:name="androidx.work.impl.background.systemalarm.RescheduleReceiver"
118-->[androidx.work:work-runtime:2.3.3] AndroidManifest.xml:109:13-88
119            android:directBootAware="false"
119-->[androidx.work:work-runtime:2.3.3] AndroidManifest.xml:110:13-44
120            android:enabled="false"
120-->[androidx.work:work-runtime:2.3.3] AndroidManifest.xml:111:13-36
121            android:exported="false" >
121-->[androidx.work:work-runtime:2.3.3] AndroidManifest.xml:112:13-37
122            <intent-filter>
122-->[androidx.work:work-runtime:2.3.3] AndroidManifest.xml:114:13-118:29
123                <action android:name="android.intent.action.BOOT_COMPLETED" />
123-->[androidx.work:work-runtime:2.3.3] AndroidManifest.xml:115:17-79
123-->[androidx.work:work-runtime:2.3.3] AndroidManifest.xml:115:25-76
124                <action android:name="android.intent.action.TIME_SET" />
124-->[androidx.work:work-runtime:2.3.3] AndroidManifest.xml:116:17-73
124-->[androidx.work:work-runtime:2.3.3] AndroidManifest.xml:116:25-70
125                <action android:name="android.intent.action.TIMEZONE_CHANGED" />
125-->[androidx.work:work-runtime:2.3.3] AndroidManifest.xml:117:17-81
125-->[androidx.work:work-runtime:2.3.3] AndroidManifest.xml:117:25-78
126            </intent-filter>
127        </receiver>
128        <receiver
128-->[androidx.work:work-runtime:2.3.3] AndroidManifest.xml:120:9-129:20
129            android:name="androidx.work.impl.background.systemalarm.ConstraintProxyUpdateReceiver"
129-->[androidx.work:work-runtime:2.3.3] AndroidManifest.xml:121:13-99
130            android:directBootAware="false"
130-->[androidx.work:work-runtime:2.3.3] AndroidManifest.xml:122:13-44
131            android:enabled="@bool/enable_system_alarm_service_default"
131-->[androidx.work:work-runtime:2.3.3] AndroidManifest.xml:123:13-72
132            android:exported="false" >
132-->[androidx.work:work-runtime:2.3.3] AndroidManifest.xml:124:13-37
133            <intent-filter>
133-->[androidx.work:work-runtime:2.3.3] AndroidManifest.xml:126:13-128:29
134                <action android:name="androidx.work.impl.background.systemalarm.UpdateProxies" />
134-->[androidx.work:work-runtime:2.3.3] AndroidManifest.xml:127:17-98
134-->[androidx.work:work-runtime:2.3.3] AndroidManifest.xml:127:25-95
135            </intent-filter>
136        </receiver>
137
138        <service
138-->[androidx.room:room-runtime:2.2.3] AndroidManifest.xml:25:9-27:40
139            android:name="androidx.room.MultiInstanceInvalidationService"
139-->[androidx.room:room-runtime:2.2.3] AndroidManifest.xml:26:13-74
140            android:exported="false" />
140-->[androidx.room:room-runtime:2.2.3] AndroidManifest.xml:27:13-37
141
142        <activity
142-->[com.google.android.gms:play-services-base:9.0.0] AndroidManifest.xml:20:9-22:45
143            android:name="com.google.android.gms.common.api.GoogleApiActivity"
143-->[com.google.android.gms:play-services-base:9.0.0] AndroidManifest.xml:20:19-85
144            android:exported="false"
144-->[com.google.android.gms:play-services-base:9.0.0] AndroidManifest.xml:22:19-43
145            android:theme="@android:style/Theme.Translucent.NoTitleBar" />
145-->[com.google.android.gms:play-services-base:9.0.0] AndroidManifest.xml:21:19-78
146
147        <provider
147-->[com.google.firebase:firebase-common:9.0.0] AndroidManifest.xml:7:9-11:39
148            android:name="com.google.firebase.provider.FirebaseInitProvider"
148-->[com.google.firebase:firebase-common:9.0.0] AndroidManifest.xml:9:13-58
149            android:authorities="com.example.contact_tracer_appv2.firebaseinitprovider"
149-->[com.google.firebase:firebase-common:9.0.0] AndroidManifest.xml:8:13-72
150            android:exported="false"
150-->[com.google.firebase:firebase-common:9.0.0] AndroidManifest.xml:10:13-37
151            android:initOrder="100" />
151-->[com.google.firebase:firebase-common:9.0.0] AndroidManifest.xml:11:13-36
152
153        <meta-data
153-->[com.google.android.gms:play-services-basement:9.0.0] AndroidManifest.xml:21:9-23:69
154            android:name="com.google.android.gms.version"
154-->[com.google.android.gms:play-services-basement:9.0.0] AndroidManifest.xml:22:13-58
155            android:value="@integer/google_play_services_version" />
155-->[com.google.android.gms:play-services-basement:9.0.0] AndroidManifest.xml:23:13-66
156
157        <provider
157-->[androidx.lifecycle:lifecycle-process:2.2.0] AndroidManifest.xml:25:9-29:43
158            android:name="androidx.lifecycle.ProcessLifecycleOwnerInitializer"
158-->[androidx.lifecycle:lifecycle-process:2.2.0] AndroidManifest.xml:26:13-79
159            android:authorities="com.example.contact_tracer_appv2.lifecycle-process"
159-->[androidx.lifecycle:lifecycle-process:2.2.0] AndroidManifest.xml:27:13-69
160            android:exported="false"
160-->[androidx.lifecycle:lifecycle-process:2.2.0] AndroidManifest.xml:28:13-37
161            android:multiprocess="true" />
161-->[androidx.lifecycle:lifecycle-process:2.2.0] AndroidManifest.xml:29:13-40
162    </application>
163
164</manifest>